[    0.000000] Initializing cgroup subsys cpuset
[    0.000000] Initializing cgroup subsys cpu
[    0.000000] Initializing cgroup subsys cpuacct
[    0.000000] Linux version 4.4.0-165-generic (buildd@lgw01-amd64-027) (gcc version 5.4.0 20160609 (Ubuntu 5.4.0-6ubuntu1~16.04.10) ) #193-Ubuntu SMP Tue Sep 17 17:42:52 UTC 2019 (Ubuntu 4.4.0-165.193-generic 4.4.189)
[    0.000000] Command line: BOOT_IMAGE=/boot/vmlinuz-4.4.0-165-generic root=LABEL=cloudimg-rootfs ro console=tty1 console=ttyS0
[    0.000000] KERNEL supported cpus:
[    0.000000]   Intel GenuineIntel
[    0.000000]   AMD AuthenticAMD
[    0.000000]   Centaur CentaurHauls
[    0.000000] ------------[ cut here ]------------
[    0.000000] WARNING: CPU: 0 PID: 0 at /build/linux-ck91bl/linux-4.4.0/arch/x86/kernel/fpu/xstate.c:517 fpu__init_system_xstate+0x37e/0x764()
[    0.000000] XSAVE consistency problem, dumping leaves
[    0.000000] Modules linked in:
[    0.000000] CPU: 0 PID: 0 Comm: swapper Not tainted 4.4.0-165-generic #193-Ubuntu
[    0.000000]  0000000000000086 0e198bc71f20da45 ffffffff81e03d70 ffffffff8140c201
[    0.000000]  ffffffff81e03db8 ffffffff81cb36f8 ffffffff81e03da8 ffffffff810864e2
[    0.000000]  0000000000000008 0000000000000340 0000000000000100 ffffffff81e03e3c
[    0.000000] Call Trace:
[    0.000000]  [<ffffffff8140c201>] dump_stack+0x63/0x82
[    0.000000]  [<ffffffff810864e2>] warn_slowpath_common+0x82/0xc0
[    0.000000]  [<ffffffff8108657c>] warn_slowpath_fmt+0x5c/0x80
[    0.000000]  [<ffffffff81081f94>] ? xfeature_size+0x59/0x77
[    0.000000]  [<ffffffff81f78325>] fpu__init_system_xstate+0x37e/0x764
[    0.000000]  [<ffffffff81f68120>] ? early_idt_handler_array+0x120/0x120
[    0.000000]  [<ffffffff81f77d2e>] fpu__init_system+0x1e7/0x28e
[    0.000000]  [<ffffffff81f78f9a>] early_cpu_init+0x276/0x27c
[    0.000000]  [<ffffffff81f78f9a>] ? early_cpu_init+0x276/0x27c
[    0.000000]  [<ffffffff81f742d1>] setup_arch+0xc0/0xd1f
[    0.000000]  [<ffffffff81f68120>] ? early_idt_handler_array+0x120/0x120
[    0.000000]  [<ffffffff81f68c75>] start_kernel+0xe2/0x4a4
[    0.000000]  [<ffffffff81f68120>] ? early_idt_handler_array+0x120/0x120
[    0.000000]  [<ffffffff81f68339>] x86_64_start_reservations+0x2a/0x2c
[    0.000000]  [<ffffffff81f68485>] x86_64_start_kernel+0x14a/0x16d
[    0.000000] ---[ end trace 4d5ff9f2f68c4233 ]---
[    0.000000] CPUID[0d, 00]: eax=00000007 ebx=00000440 ecx=00000440 edx=00000000
[    0.000000] CPUID[0d, 01]: eax=00000000 ebx=00000440 ecx=00000000 edx=00000000
[    0.000000] CPUID[0d, 02]: eax=00000100 ebx=00000240 ecx=00000000 edx=00000000
[    0.000000] CPUID[0d, 03]: eax=00000000 ebx=00000000 ecx=00000000 edx=00000000
[    0.000000] CPUID[0d, 04]: eax=00000000 ebx=00000000 ecx=00000000 edx=00000000
[    0.000000] CPUID[0d, 05]: eax=00000000 ebx=00000000 ecx=00000000 edx=00000000
[    0.000000] CPUID[0d, 06]: eax=00000000 ebx=00000000 ecx=00000000 edx=00000000
[    0.000000] CPUID[0d, 07]: eax=00000000 ebx=00000000 ecx=00000000 edx=00000000
[    0.000000] CPUID[0d, 08]: eax=00000000 ebx=00000000 ecx=00000000 edx=00000000
[    0.000000] CPUID[0d, 09]: eax=00000000 ebx=00000000 ecx=00000000 edx=00000000
[    0.000000] CPUID[0d, 0a]: eax=00000000 ebx=00000000 ecx=00000000 edx=00000000
[    0.000000] CPUID[0d, 0b]: eax=00000000 ebx=00000000 ecx=00000000 edx=00000000
[    0.000000] CPUID[0d, 0c]: eax=00000000 ebx=00000000 ecx=00000000 edx=00000000
[    0.000000] CPUID[0d, 0d]: eax=00000000 ebx=00000000 ecx=00000000 edx=00000000
[    0.000000] CPUID[0d, 0e]: eax=00000000 ebx=00000000 ecx=00000000 edx=00000000
[    0.000000] CPUID[0d, 0f]: eax=00000000 ebx=00000000 ecx=00000000 edx=00000000
[    0.000000] CPUID[0d, 10]: eax=00000000 ebx=00000000 ecx=00000000 edx=00000000
[    0.000000] CPUID[0d, 11]: eax=00000000 ebx=00000000 ecx=00000000 edx=00000000
[    0.000000] x86/fpu: xstate_offset[2]:  576, xstate_sizes[2]:  256
[    0.000000] x86/fpu: Supporting XSAVE feature 0x01: 'x87 floating point registers'
[    0.000000] x86/fpu: Supporting XSAVE feature 0x02: 'SSE registers'
[    0.000000] x86/fpu: Supporting XSAVE feature 0x04: 'AVX registers'
[    0.000000] x86/fpu: Enabled xstate features 0x7, context size is 1088 bytes, using 'standard' format.
[    0.000000] e820: BIOS-provided physical RAM map:
[    0.000000] BIOS-e820: [mem 0x0000000000000000-0x000000000009fbff] usable
[    0.000000] BIOS-e820: [mem 0x000000000009fc00-0x000000000009ffff] reserved
[    0.000000] BIOS-e820: [mem 0x00000000000f0000-0x00000000000fffff] reserved
[    0.000000] BIOS-e820: [mem 0x0000000000100000-0x000000003ffeffff] usable
[    0.000000] BIOS-e820: [mem 0x000000003fff0000-0x000000003fffffff] ACPI data
[    0.000000] BIOS-e820: [mem 0x00000000fec00000-0x00000000fec00fff] reserved
[    0.000000] BIOS-e820: [mem 0x00000000fee00000-0x00000000fee00fff] reserved
[    0.000000] BIOS-e820: [mem 0x00000000fffc0000-0x00000000ffffffff] reserved
[    0.000000] NX (Execute Disable) protection: active
[    0.000000] SMBIOS 2.5 present.
[    0.000000] Hypervisor detected: KVM
[    0.000000] e820: last_pfn = 0x3fff0 max_arch_pfn = 0x400000000
[    0.000000] MTRR: Disabled
[    0.000000] x86/PAT: MTRRs disabled, skipping PAT initialization too.
[    0.000000] CPU MTRRs all blank - virtualized system.
[    0.000000] x86/PAT: Configuration [0-7]: WB  WT  UC- UC  WB  WT  UC- UC  
[    0.000000] found SMP MP-table at [mem 0x0009fff0-0x0009ffff] mapped at [ffff88000009fff0]
[    0.000000] Scanning 1 areas for low memory corruption
[    0.000000] RAMDISK: [mem 0x362fa000-0x37174fff]
[    0.000000] ACPI: Early table checksum verification disabled
[    0.000000] ACPI: RSDP 0x00000000000E0000 000024 (v02 VBOX  )
[    0.000000] ACPI: XSDT 0x000000003FFF0030 00003C (v01 VBOX   VBOXXSDT 00000001 ASL  00000061)
[    0.000000] ACPI: FACP 0x000000003FFF00F0 0000F4 (v04 VBOX   VBOXFACP 00000001 ASL  00000061)
[    0.000000] ACPI: DSDT 0x000000003FFF0470 0021FF (v02 VBOX   VBOXBIOS 00000002 INTL 20100528)
[    0.000000] ACPI: FACS 0x000000003FFF0200 000040
[    0.000000] ACPI: FACS 0x000000003FFF0200 000040
[    0.000000] ACPI: APIC 0x000000003FFF0240 00005C (v02 VBOX   VBOXAPIC 00000001 ASL  00000061)
[    0.000000] ACPI: SSDT 0x000000003FFF02A0 0001CC (v01 VBOX   VBOXCPUT 00000002 INTL 20100528)
[    0.000000] No NUMA configuration found
[    0.000000] Faking a node at [mem 0x0000000000000000-0x000000003ffeffff]
[    0.000000] NODE_DATA(0) allocated [mem 0x3ffeb000-0x3ffeffff]
[    0.000000] kvm-clock: Using msrs 4b564d01 and 4b564d00
[    0.000000] kvm-clock: cpu 0, msr 0:3ffe3001, primary cpu clock
[    0.000000] kvm-clock: using sched offset of 3827095678 cycles
[    0.000000] clocksource: kvm-clock: mask: 0xffffffffffffffff max_cycles: 0x1cd42e4dffb, max_idle_ns: 881590591483 ns
[    0.000000] Zone ranges:
[    0.000000]   DMA      [mem 0x0000000000001000-0x0000000000ffffff]
[    0.000000]   DMA32    [mem 0x0000000001000000-0x000000003ffeffff]
[    0.000000]   Normal   empty
[    0.000000]   Device   empty
[    0.000000] Movable zone start for each node
[    0.000000] Early memory node ranges
[    0.000000]   node   0: [mem 0x0000000000001000-0x000000000009efff]
[    0.000000]   node   0: [mem 0x0000000000100000-0x000000003ffeffff]
[    0.000000] Initmem setup node 0 [mem 0x0000000000001000-0x000000003ffeffff]
[    0.000000] ACPI: PM-Timer IO Port: 0x4008
[    0.000000] IOAPIC[0]: apic_id 2, version 32, address 0xfec00000, GSI 0-23
[    0.000000] ACPI: INT_SRC_OVR (bus 0 bus_irq 0 global_irq 2 dfl dfl)
[    0.000000] ACPI: INT_SRC_OVR (bus 0 bus_irq 9 global_irq 9 high level)
[    0.000000] Using ACPI (MADT) for SMP configuration information
[    0.000000] smpboot: Allowing 2 CPUs, 0 hotplug CPUs
[    0.000000] PM: Registered nosave memory: [mem 0x00000000-0x00000fff]
[    0.000000] PM: Registered nosave memory: [mem 0x0009f000-0x0009ffff]
[    0.000000] PM: Registered nosave memory: [mem 0x000a0000-0x000effff]
[    0.000000] PM: Registered nosave memory: [mem 0x000f0000-0x000fffff]
[    0.000000] e820: [mem 0x40000000-0xfebfffff] available for PCI devices
[    0.000000] Booting paravirtualized kernel on KVM
[    0.000000] clocksource: refined-jiffies: mask: 0xffffffff max_cycles: 0xffffffff, max_idle_ns: 7645519600211568 ns
[    0.000000] setup_percpu: NR_CPUS:512 nr_cpumask_bits:512 nr_cpu_ids:2 nr_node_ids:1
[    0.000000] PERCPU: Embedded 34 pages/cpu @ffff88003fc00000 s99544 r8192 d31528 u1048576
[    0.000000] Built 1 zonelists in Node order, mobility grouping on.  Total pages: 257912
[    0.000000] Policy zone: DMA32
[    0.000000] Kernel command line: BOOT_IMAGE=/boot/vmlinuz-4.4.0-165-generic root=LABEL=cloudimg-rootfs ro console=tty1 console=ttyS0
[    0.000000] PID hash table entries: 4096 (order: 3, 32768 bytes)
[    0.000000] Memory: 997732K/1048120K available (8621K kernel code, 1335K rwdata, 4032K rodata, 1484K init, 1284K bss, 50388K reserved, 0K cma-reserved)
[    0.000000] SLUB: HWalign=64, Order=0-3, MinObjects=0, CPUs=2, Nodes=1
[    0.000000] Kernel/User page tables isolation: enabled
[    0.000000] Hierarchical RCU implementation.
[    0.000000] 	Build-time adjustment of leaf fanout to 64.
[    0.000000] 	RCU restricting CPUs from NR_CPUS=512 to nr_cpu_ids=2.
[    0.000000] RCU: Adjusting geometry for rcu_fanout_leaf=64, nr_cpu_ids=2
[    0.000000] NR_IRQS:33024 nr_irqs:440 16
[    0.000000] Console: colour VGA+ 80x25
[    0.000000] console [tty1] enabled
[    0.000000] console [ttyS0] enabled
[    0.000000] tsc: Detected 2712.000 MHz processor
[    8.851317] Calibrating delay loop (skipped) preset value.. 5424.00 BogoMIPS (lpj=10848000)
[    8.910427] pid_max: default: 32768 minimum: 301
[    8.964774] ACPI: Core revision 20150930
[    8.990796] ACPI: 2 ACPI AML tables successfully acquired and loaded
[    9.031620] Security Framework initialized
[    9.089328] Yama: becoming mindful.
[    9.153410] AppArmor: AppArmor initialized
[    9.228627] Dentry cache hash table entries: 131072 (order: 8, 1048576 bytes)
[    9.380301] Inode-cache hash table entries: 65536 (order: 7, 524288 bytes)
[    9.482821] Mount-cache hash table entries: 2048 (order: 2, 16384 bytes)
[    9.540431] Mountpoint-cache hash table entries: 2048 (order: 2, 16384 bytes)
[    9.549726] Initializing cgroup subsys io
[    9.579414] Initializing cgroup subsys memory
[    9.587776] Initializing cgroup subsys devices
[    9.594004] Initializing cgroup subsys freezer
[    9.599478] Initializing cgroup subsys net_cls
[    9.602977] Initializing cgroup subsys perf_event
[    9.627525] Initializing cgroup subsys net_prio
[    9.682325] Initializing cgroup subsys hugetlb
[    9.684411] Initializing cgroup subsys pids
[    9.707557] mce: CPU supports 0 MCE banks
[    9.747910] Last level iTLB entries: 4KB 64, 2MB 8, 4MB 8
[    9.849010] Last level dTLB entries: 4KB 64, 2MB 0, 4MB 0, 1GB 4
[    9.867990] Spectre V1 : Mitigation: usercopy/swapgs barriers and __user pointer sanitization
[    9.931546] Spectre V2 : Mitigation: Full generic retpoline
[    9.939406] Spectre V2 : Spectre v2 / SpectreRSB mitigation: Filling RSB on context switch
[    9.994820] Speculative Store Bypass: Vulnerable
[   10.012849] MDS: Vulnerable: Clear CPU buffers attempted, no microcode
[   10.131974] Freeing SMP alternatives memory: 36K
[   10.163342] ftrace: allocating 32318 entries in 127 pages
[   10.358008] smpboot: APIC(0) Converting physical 0 to logical package 0
[   10.464572] smpboot: Max logical packages: 1
[   10.556046] x2apic enabled
[   10.603330] Switched APIC routing to physical x2apic.
[   10.688364] ..TIMER: vector=0x30 apic1=0 pin1=2 apic2=-1 pin2=-1
[   10.847335] smpboot: CPU0: Intel(R) Core(TM) i5-7200U CPU @ 2.50GHz (family: 0x6, model: 0x8e, stepping: 0x9)
[   10.893453] Performance Events: unsupported p6 CPU model 142 no PMU driver, software events only.
[   10.925235] KVM setup paravirtual spinlock
[   10.999118] x86: Booting SMP configuration:
[   11.054137] .... node  #0, CPUs:      #1
[   11.091309] kvm-clock: cpu 1, msr 0:3ffe3041, secondary cpu clock
[   11.124029] mce: CPU supports 0 MCE banks
[   11.127732] x86: Booted up 1 node, 2 CPUs
[   11.150844] smpboot: Total of 2 processors activated (10848.00 BogoMIPS)
[   11.235063] devtmpfs: initialized
[   11.294793] evm: security.selinux
[   11.352645] evm: security.SMACK64
[   11.411132] evm: security.SMACK64EXEC
[   11.473298] evm: security.SMACK64TRANSMUTE
[   11.540228] evm: security.SMACK64MMAP
[   11.596009] evm: security.ima
[   11.643365] evm: security.capability
[   11.725386] clocksource: jiffies: mask: 0xffffffff max_cycles: 0xffffffff, max_idle_ns: 7645041785100000 ns
[   11.838543] futex hash table entries: 512 (order: 3, 32768 bytes)
[   11.850670] pinctrl core: initialized pinctrl subsystem
[   11.859269] RTC time: 11:01:53, date: 10/09/19
[   11.877761] NET: Registered protocol family 16
[   11.928887] cpuidle: using governor ladder
[   11.968862] cpuidle: using governor menu
[   11.986201] PCCT header not found.
[   11.996605] ACPI: bus type PCI registered
[   12.000897] acpiphp: ACPI Hot Plug PCI Controller Driver version: 0.5
[   12.023139] PCI: Using configuration type 1 for base access
[   12.046272] ACPI: Added _OSI(Module Device)
[   12.083780] ACPI: Added _OSI(Processor Device)
[   12.098089] ACPI: Added _OSI(3.0 _SCP Extensions)
[   12.103970] ACPI: Added _OSI(Processor Aggregator Device)
[   12.110012] ACPI: Executed 1 blocks of module-level executable AML code
[   12.137169] ACPI: Interpreter enabled
[   12.184170] ACPI: (supports S0 S5)
[   12.198672] ACPI: Using IOAPIC for interrupt routing
[   12.210047] PCI: Using host bridge windows from ACPI; if necessary, use "pci=nocrs" and report a bug
[   12.259254] ACPI: PCI Root Bridge [PCI0] (domain 0000 [bus 00-ff])
[   12.294858] acpi PNP0A03:00: _OSC: OS supports [ASPM ClockPM Segments MSI]
[   12.327835] acpi PNP0A03:00: _OSC: not requesting OS control; OS requires [ExtendedConfig ASPM ClockPM MSI]
[   12.463925] acpi PNP0A03:00: fail to add MMCONFIG information, can't access extended PCI configuration space under this bridge.
[   12.655556] PCI host bridge to bus 0000:00
[   12.658697] pci_bus 0000:00: root bus resource [io  0x0000-0x0cf7 window]
[   12.707919] pci_bus 0000:00: root bus resource [io  0x0d00-0xffff window]
[   12.813310] pci_bus 0000:00: root bus resource [mem 0x000a0000-0x000bffff window]
[   12.945585] pci_bus 0000:00: root bus resource [mem 0x40000000-0xffdfffff window]
[   13.042293] pci_bus 0000:00: root bus resource [bus 00-ff]
[   13.128942] pci 0000:00:01.1: legacy IDE quirk: reg 0x10: [io  0x01f0-0x01f7]
[   13.168957] pci 0000:00:01.1: legacy IDE quirk: reg 0x14: [io  0x03f6]
[   13.171502] pci 0000:00:01.1: legacy IDE quirk: reg 0x18: [io  0x0170-0x0177]
[   13.176615] pci 0000:00:01.1: legacy IDE quirk: reg 0x1c: [io  0x0376]
[   13.210511] pci 0000:00:07.0: quirk: [io  0x4000-0x403f] claimed by PIIX4 ACPI
[   13.253742] pci 0000:00:07.0: quirk: [io  0x4100-0x410f] claimed by PIIX4 SMB
[   13.323124] ACPI: PCI Interrupt Link [LNKA] (IRQs 5 9 10 *11)
[   13.352273] ACPI: PCI Interrupt Link [LNKB] (IRQs 5 9 10 *11)
[   13.372317] ACPI: PCI Interrupt Link [LNKC] (IRQs 5 9 *10 11)
[   13.375544] ACPI: PCI Interrupt Link [LNKD] (IRQs 5 *9 10 11)
[   13.442203] ACPI: Enabled 2 GPEs in block 00 to 07
[   13.453120] vgaarb: setting as boot device: PCI:0000:00:02.0
[   13.479060] vgaarb: device added: PCI:0000:00:02.0,decodes=io+mem,owns=io+mem,locks=none
[   13.548362] vgaarb: loaded
[   13.592144] vgaarb: bridge control possible 0000:00:02.0
[   13.663553] SCSI subsystem initialized
[   13.679653] ACPI: bus type USB registered
[   13.752487] usbcore: registered new interface driver usbfs
[   13.806786] usbcore: registered new interface driver hub
[   13.916850] usbcore: registered new device driver usb
[   13.982350] PCI: Using ACPI for IRQ routing
[   14.025639] NetLabel: Initializing
[   14.059745] NetLabel:  domain hash size = 128
[   14.068532] NetLabel:  protocols = UNLABELED CIPSOv4
[   14.097363] NetLabel:  unlabeled traffic allowed by default
[   14.145147] amd_nb: Cannot enumerate AMD northbridges
[   14.210308] clocksource: Switched to clocksource kvm-clock
[   14.284703] AppArmor: AppArmor Filesystem Enabled
[   14.357828] pnp: PnP ACPI init
[   14.367704] pnp: PnP ACPI: found 3 devices
[   14.410646] clocksource: acpi_pm: mask: 0xffffff max_cycles: 0xffffff, max_idle_ns: 2085701024 ns
[   14.417645] NET: Registered protocol family 2
[   14.435088] TCP established hash table entries: 8192 (order: 4, 65536 bytes)
[   14.480722] TCP bind hash table entries: 8192 (order: 5, 131072 bytes)
[   14.483665] TCP: Hash tables configured (established 8192 bind 8192)
[   14.488883] UDP hash table entries: 512 (order: 2, 16384 bytes)
[   14.514123] UDP-Lite hash table entries: 512 (order: 2, 16384 bytes)
[   14.526604] NET: Registered protocol family 1
[   14.532984] pci 0000:00:00.0: Limiting direct PCI/PCI transfers
[   14.662404] pci 0000:00:01.0: Activating ISA DMA hang workarounds
[   14.838456] Unpacking initramfs...
[   15.394775] Freeing initrd memory: 14828K
[   15.471826] clocksource: tsc: mask: 0xffffffffffffffff max_cycles: 0x2717868ea45, max_idle_ns: 440795316085 ns
[   15.571035] platform rtc_cmos: registered platform RTC device (no PNP device found)
[   15.586533] Scanning for low memory corruption every 60 seconds
[   15.600999] audit: initializing netlink subsys (disabled)
[   15.608395] audit: type=2000 audit(1570618908.971:1): initialized
[   15.618209] Initialise system trusted keyring
[   15.623677] HugeTLB registered 2 MB page size, pre-allocated 0 pages
[   15.638884] zbud: loaded
[   15.657414] VFS: Disk quotas dquot_6.6.0
[   15.660455] VFS: Dquot-cache hash table entries: 512 (order 0, 4096 bytes)
[   15.680390] squashfs: version 4.0 (2009/01/31) Phillip Lougher
[   15.715222] fuse init (API version 7.23)
[   15.718841] Key type big_key registered
[   15.742499] Allocating IMA MOK and blacklist keyrings.
[   15.781670] Key type asymmetric registered
[   15.792635] Asymmetric key parser 'x509' registered
[   15.805465] Block layer SCSI generic (bsg) driver version 0.4 loaded (major 249)
[   15.854844] io scheduler noop registered
[   15.901668] io scheduler deadline registered (default)
[   15.990350] io scheduler cfq registered
[   16.048053] pci_hotplug: PCI Hot Plug PCI Core version: 0.5
[   16.088689] pciehp: PCI Express Hot Plug Controller Driver version: 0.4
[   16.137997] ACPI: AC Adapter [AC] (off-line)
[   16.249144] input: Power Button as /devices/LNXSYSTM:00/LNXPWRBN:00/input/input0
[   16.355093] ACPI: Power Button [PWRF]
[   16.429708] input: Sleep Button as /devices/LNXSYSTM:00/LNXSLPBN:00/input/input1
[   16.543699] ACPI: Sleep Button [SLPF]
[   16.622620] ACPI: Battery Slot [BAT0] (battery present)
[   16.687939] GHES: HEST is not enabled!
[   16.716614] Serial: 8250/16550 driver, 32 ports, IRQ sharing enabled
[   16.775302] 00:02: ttyS0 at I/O 0x3f8 (irq = 4, base_baud = 115200) is a 16550A
[   16.791190] Linux agpgart interface v0.103
[   16.798604] loop: module loaded
[   16.812743] scsi host0: ata_piix
[   16.837559] scsi host1: ata_piix
[   16.841481] ata1: PATA max UDMA/33 cmd 0x1f0 ctl 0x3f6 bmdma 0xd000 irq 14
[   16.857198] ata2: PATA max UDMA/33 cmd 0x170 ctl 0x376 bmdma 0xd008 irq 15
[   16.894074] libphy: Fixed MDIO Bus: probed
[   16.901590] tun: Universal TUN/TAP device driver, 1.6
[   16.908570] tun: (C) 1999-2004 Max Krasnyansky <maxk@qualcomm.com>
[   16.923799] PPP generic driver version 2.4.2
[   16.925784] ehci_hcd: USB 2.0 'Enhanced' Host Controller (EHCI) Driver
[   16.938464] ehci-pci: EHCI PCI platform driver
[   16.953994] ehci-platform: EHCI generic platform driver
[   16.970516] ohci_hcd: USB 1.1 'Open' Host Controller (OHCI) Driver
[   17.060628] ohci-pci: OHCI PCI platform driver
[   17.092250] ohci-platform: OHCI generic platform driver
[   17.112876] uhci_hcd: USB Universal Host Controller Interface driver
[   17.132531] i8042: PNP: PS/2 Controller [PNP0303:PS2K,PNP0f03:PS2M] at 0x60,0x64 irq 1,12
[   17.146127] serio: i8042 KBD port at 0x60,0x64 irq 1
[   17.159697] serio: i8042 AUX port at 0x60,0x64 irq 12
[   17.178270] mousedev: PS/2 mouse device common for all mice
[   17.184953] input: AT Translated Set 2 keyboard as /devices/platform/i8042/serio0/input/input2
[   17.237947] rtc_cmos rtc_cmos: rtc core: registered rtc_cmos as rtc0
[   17.247604] rtc_cmos rtc_cmos: alarms up to one day, 114 bytes nvram
[   17.265035] i2c /dev entries driver
[   17.279703] device-mapper: uevent: version 1.0.3
[   17.294259] device-mapper: ioctl: 4.34.0-ioctl (2015-10-28) initialised: dm-devel@redhat.com
[   17.329183] ledtrig-cpu: registered to indicate activity on CPUs
[   17.352219] NET: Registered protocol family 10
[   17.395813] NET: Registered protocol family 17
[   17.431600] Key type dns_resolver registered
[   17.437779] registered taskstats version 1
[   17.487624] Loading compiled-in X.509 certificates
[   17.539967] Loaded X.509 cert 'Build time autogenerated kernel key: 0ed82eac04367aa6426493b1389455ebf6830eaa'
[   17.591332] zswap: loaded using pool lzo/zbud
[   17.628660] Key type trusted registered
[   17.672956] Key type encrypted registered
[   17.691301] AppArmor: AppArmor sha1 policy hashing enabled
[   17.719277] ima: No TPM chip found, activating TPM-bypass!
[   17.763034] ima: Allocated hash algorithm: sha1
[   17.790085] evm: HMAC attrs: 0x1
[   17.810865]   Magic number: 7:826:23
[   17.832254] rtc_cmos rtc_cmos: setting system clock to 2019-10-09 11:01:59 UTC (1570618919)
[   17.892498] BIOS EDD facility v0.16 2004-Jun-25, 0 devices found
[   17.934774] EDD information not available.
[   17.949526] Freeing unused kernel memory: 1484K
[   17.970988] Write protecting the kernel read-only data: 14336k
[   18.006286] Freeing unused kernel memory: 1608K
[   18.042128] Freeing unused kernel memory: 64K
Loading, please wait...
[   18.068276] random: systemd-udevd: uninitialized urandom read (16 bytes read, 5 bits of entropy available)
starting version 229
[   18.069754] random: udevadm: uninitialized urandom read (16 bytes read, 5 bits of entropy available)
[   18.069787] random: udevadm: uninitialized urandom read (16 bytes read, 5 bits of entropy available)
[   18.085956] random: udevadm: uninitialized urandom read (16 bytes read, 5 bits of entropy available)
[   18.086014] random: udevadm: uninitialized urandom read (16 bytes read, 5 bits of entropy available)
[   18.086184] random: udevadm: uninitialized urandom read (16 bytes read, 5 bits of entropy available)
[   18.086234] random: udevadm: uninitialized urandom read (16 bytes read, 5 bits of entropy available)
[   18.086349] random: udevadm: uninitialized urandom read (16 bytes read, 5 bits of entropy available)
[   18.086443] random: udevadm: uninitialized urandom read (16 bytes read, 5 bits of entropy available)
[   18.086576] random: udevadm: uninitialized urandom read (16 bytes read, 5 bits of entropy available)
[   18.773838] e1000: Intel(R) PRO/1000 Network Driver - version 7.3.21-k8-NAPI
[   18.844981] e1000: Copyright (c) 1999-2006 Intel Corporation.
[   18.865898] Fusion MPT base driver 3.04.20
[   18.876717] Copyright (c) 1999-2008 LSI Corporation
[   18.885317] Fusion MPT SPI Host driver 3.04.20
[   18.924126] AVX version of gcm_enc/dec engaged.
[   18.973566] AES CTR mode by8 optimization enabled
[   19.121966] input: ImExPS/2 Generic Explorer Mouse as /devices/platform/i8042/serio1/input/input4
[   19.389342] e1000 0000:00:03.0 eth0: (PCI:33MHz:32-bit) 02:0e:9b:2d:5b:92
[   19.576638] e1000 0000:00:03.0 eth0: Intel(R) PRO/1000 Network Connection
[   20.158730] e1000 0000:00:08.0 eth1: (PCI:33MHz:32-bit) 08:00:27:90:2f:e9
[   20.252923] e1000 0000:00:08.0 eth1: Intel(R) PRO/1000 Network Connection
[   20.365847] mptbase: ioc0: Initiating bringup
[   20.366554] e1000 0000:00:08.0 enp0s8: renamed from eth1
[   20.407080] e1000 0000:00:03.0 enp0s3: renamed from eth0
[   20.490959] ioc0: LSI53C1030 A0: Capabilities={Initiator}
[   20.662591] scsi host2: ioc0: LSI53C1030 A0, FwRev=00000000h, Ports=1, MaxQ=256, IRQ=20
[   20.851652] scsi 2:0:0:0: Direct-Access     VBOX     HARDDISK         1.0  PQ: 0 ANSI: 5
[   20.993517] scsi target2:0:0: Beginning Domain Validation
[   21.077417] scsi target2:0:0: Domain Validation skipping write tests
[   21.093869] scsi target2:0:0: Ending Domain Validation
[   21.180581] scsi target2:0:0: asynchronous
[   21.185674] scsi 2:0:1:0: Direct-Access     VBOX     HARDDISK         1.0  PQ: 0 ANSI: 5
[   21.191052] scsi target2:0:1: Beginning Domain Validation
[   21.210850] scsi target2:0:1: Domain Validation skipping write tests
[   21.230693] scsi target2:0:1: Ending Domain Validation
[   21.246686] scsi target2:0:1: asynchronous
[   21.259160] sd 2:0:0:0: Attached scsi generic sg0 type 0
[   21.259576] sd 2:0:0:0: [sda] 20971520 512-byte logical blocks: (10.7 GB/10.0 GiB)
[   21.259789] sd 2:0:0:0: [sda] Write Protect is off
[   21.259900] sd 2:0:0:0: [sda] Incomplete mode parameter data
[   21.259901] sd 2:0:0:0: [sda] Assuming drive cache: write through
[   21.264816]  sda: sda1
[   21.265686] sd 2:0:0:0: [sda] Attached SCSI disk
[   21.609151] sd 2:0:1:0: [sdb] 20480 512-byte logical blocks: (10.5 MB/10.0 MiB)
[   21.653671] sd 2:0:1:0: Attached scsi generic sg1 type 0
[   21.666580] sd 2:0:1:0: [sdb] Write Protect is off
[   21.674450] sd 2:0:1:0: [sdb] Incomplete mode parameter data
[   21.678105] sd 2:0:1:0: [sdb] Assuming drive cache: write through
[   21.693029] sd 2:0:1:0: [sdb] Attached SCSI disk
Begin: Loading e[   23.518369] md: linear personality registered for level -1
ssential drivers[   23.569057] md: multipath personality registered for level -4
 ... [   23.611813] md: raid0 personality registered for level 0
[   23.643228] md: raid1 personality registered for level 1
[   23.726378] raid6: sse2x1   gen()  7674 MB/s
[   23.858785] raid6: sse2x1   xor()  6082 MB/s
[   23.994764] raid6: sse2x2   gen()  6296 MB/s
[   24.086495] raid6: sse2x2   xor()  6310 MB/s
[   24.174474] raid6: sse2x4   gen()  9061 MB/s
[   24.250531] raid6: sse2x4   xor()  6890 MB/s
[   24.270197] raid6: using algorithm sse2x4 gen() 9061 MB/s
[   24.306768] raid6: .... xor() 6890 MB/s, rmw enabled
[   24.383265] raid6: using ssse3x2 recovery algorithm
[   24.476805] xor: automatically using best checksumming function:
[   24.570320]    avx       : 18066.000 MB/sec
[   24.624498] async_tx: api initialized (async)
[   24.643932] md: raid6 personality registered for level 6
[   24.659937] md: raid5 personality registered for level 5
[   24.672663] md: raid4 personality registered for level 4
[   24.700895] md: raid10 personality registered for level 10
done.
Begin: Running /scripts/init-premount ... done.[   24.793458] Btrfs loaded

Begin: Mounting root file system ... Begin: Running /scripts/lo[   24.869597] EXT4-fs (sda1): mounted filesystem with ordered data mode. Opts: (null)
cal-top ... done.
Begin: Running /scripts/local-premount ... Scanning for Btrfs filesystems
done.
Warning: fsck not present, so skipping root file system
done.
Begin: Running /scripts/local-bottom ... done.
Begin: Running /scripts/init-bottom ... done.
[   25.221198] systemd[1]: systemd 229 running in system mode. (+PAM +AUDIT +SELINUX +IMA +APPARMOR +SMACK +SYSVINIT +UTMP +LIBCRYPTSETUP +GCRYPT +GNUTLS +ACL +XZ -LZ4 +SECCOMP +BLKID +ELFUTILS +KMOD -IDN)
[   25.267569] systemd[1]: Detected virtualization oracle.
[   25.286255] systemd[1]: Detected architecture x86-64.

Welcome to [1mUbuntu 16.04.6 LTS[0m!

[   25.348955] systemd[1]: Set hostname to <ubuntu-xenial>.
[   25.767039] systemd[1]: Created slice System Slice.
[[0;32m  OK  [0m] Created slice System Slice.
[   25.816681] systemd[1]: Started Forward Password Requests to Wall Directory Watch.
[[0;32m  OK  [0m] Started Forward Password Requests to Wall Directory Watch.
[   25.955452] systemd[1]: Listening on /dev/initctl Compatibility Named Pipe.
[[0;32m  OK  [0m] Listening on /dev/initctl Compatibility Named Pipe.
[   26.127916] systemd[1]: Started Trigger resolvconf update for networkd DNS.
[[0;32m  OK  [0m] Started Trigger resolvconf update for networkd DNS.
[   26.319959] systemd[1]: Listening on Journal Socket (/dev/log).
[[0;32m  OK  [0m] Listening on Journal Socket (/dev/log).
[   26.411179] systemd[1]: Listening on LVM2 metadata daemon socket.
[[0;32m  OK  [0m] Listening on LVM2 metadata daemon socket.
[   26.507263] systemd[1]: Listening on Journal Audit Socket.
[[0;32m  OK  [0m] Listening on Journal Audit Socket.
[   26.623162] systemd[1]: Set up automount Arbitrary Executable File Formats File System Automount Point.
[[0;32m  OK  [0m] Set up automount Arbitrary Executab...ats File System Automount Point.
[   26.847144] systemd[1]: Created slice User and Session Slice.
[[0;32m  OK  [0m] Created slice User and Session Slice.
[   26.951487] systemd[1]: Listening on udev Control Socket.
[[0;32m  OK  [0m] Listening on udev Control Socket.
[   27.083155] systemd[1]: Listening on Journal Socket.
[[0;32m  OK  [0m] Listening on Journal Socket.
[   27.147261] random: nonblocking pool is initialized
[   27.166689] systemd[1]: Starting Load Kernel Modules...
[   27.183358] Loading iSCSI transport class v2.0-870.
         Starting Load Kernel Modules...
[   27.199641] iscsi: registered transport (tcp)
[   27.209568] systemd[1]: Starting Remount Root and Kernel File Systems...
         Startin[   27.225650] EXT4-fs (sda1): re-mounted. Opts: (null)
g Remount Root and Kernel File S[   27.247363] iscsi: registered transport (iser)
ystems...
[   27.334673] systemd[1]: Starting Uncomplicated firewall...
         Starting Uncomplicated firewall...
[   27.483364] systemd[1]: Starting Set console keymap...
         Starting Set console keymap...
[   27.592065] systemd[1]: Starting Create list of required static device nodes for the current kernel...
         Starting Create list of required st... nodes for the current kernel...
[   27.645907] systemd[1]: Mounting Debug File System...
         Mounting Debug File System...
[   27.697541] systemd[1]: Mounting Huge Pages File System...
         Mounting Huge Pages File System...
[   27.716014] systemd[1]: Mounting POSIX Message Queue File System...
         Mounting POSIX Message Queue File System...
[   27.787585] systemd[1]: Listening on LVM2 poll daemon socket.
[[0;32m  OK  [0m] Listening on LVM2 poll daemon socket.
[   27.955429] systemd[1]: Starting Nameserver information manager...
         Starting Nameserver information manager...
[   28.035315] systemd[1]: Reached target System Time Synchronized.
[[0;32m  OK  [0m] Reached target System Time Synchronized.
[   28.094813] systemd[1]: Reached target Swap.
[[0;32m  OK  [0m] Reached target Swap.
[   28.159571] systemd[1]: Listening on udev Kernel Socket.
[[0;32m  OK  [0m] Listening on udev Kernel Socket.
[   28.323888] systemd[1]: Listening on Syslog Socket.
[[0;32m  OK  [0m] Listening on Syslog Socket.
[   28.522887] systemd[1]: Starting Journal Service...
         Starting Journal Service...
[   28.619129] systemd[1]: Reached target Encrypted Volumes.
[[0;32m  OK  [0m] Reached target Encrypted Volumes.
[   28.721791] systemd[1]: Created slice system-serial\x2dgetty.slice.
[[0;32m  OK  [0m] Created slice system-serial\x2dgetty.slice.
[   28.801680] systemd[1]: Reached target User and Group Name Lookups.
[[0;32m  OK  [0m] Reached target User and Group Name Lookups.
[   28.842390] systemd[1]: Listening on Device-mapper event daemon FIFOs.
[[0;32m  OK  [0m] Listening on Device-mapper event daemon FIFOs.
[   28.962991] systemd[1]: Starting Monitoring of LVM2 mirrors, snapshots etc. using dmeventd or progress polling...
         Starting Monitoring of LVM2 mirrors... dmeventd or progress polling...
[   29.132032] systemd[1]: Reached target Slices.
[[0;32m  OK  [0m] Reached target Slices.
[   29.201760] systemd[1]: Mounted POSIX Message Queue File System.
[[0;32m  OK  [0m] Mounted POSIX Message Queue File System.
[   29.232341] systemd[1]: Mounted Debug File System.
[[0;32m  OK  [0m] Mounted Debug File System.
[   29.318812] systemd[1]: Mounted Huge Pages File System.
[[0;32m  OK  [0m] Mounted Huge Pages File System.
[   29.527265] systemd[1]: Started Journal Service.
[[0;32m  OK  [0m] Started Journal Service.
[[0;32m  OK  [0m] Started Load Kernel Modules.
[[0;32m  OK  [0m] Started Remount Root and Kernel File Systems.
[[0;32m  OK  [0m] Started Uncomplicated firewall.
[[0;32m  OK  [0m] Started Set console keymap.
[[0;32m  OK  [0m] Started Create list of required sta...ce nodes for the current kernel.
[[0;32m  OK  [0m] Started Nameserver information manager.
[[0;32m  OK  [0m] Started LVM2 metadata daemon.
         Starting Create Static Device Nodes in /dev...
         Starting Load/Save Random Seed...
         Starting udev Coldplug all Devices...
         Starting Apply Kernel Variables...
         Mounting FUSE Control File System...
         Starting Flush Journal to Persistent Storage...
[[0;32m  OK  [0m] Mounted FUSE Control File System.
[[0;32m  OK  [0m] Started Create Static Device Nodes in /dev.
[[0;32m  OK  [0m] Started Monitoring of LVM2 mirrors,...ng dmeventd or progress polling.
[[0;32m  OK  [0m] Started Load/Save Random Seed.
[[0;32m  OK  [0m] Started Apply Kernel Variables.
[[0;32m  OK  [0m] Started udev Coldplug all Devices.
[[0;32m  OK  [0m] Started Flush Journal to Persistent Storage.
[[0;32m  OK  [0m] Reached target Local File Systems (Pre).
[[0;32m  OK  [0m] Reached target Local File Systems.
         Starting Set console font and keymap...
         Starting Initial cloud-init job (pre-networking)...
         Starting Create Volatile Files and Directories...
         Starting LSB: AppArmor initialization...
         Starting Tell Plymouth To Write Out Runtime Data...
         Starting udev Kernel Device Manager...
[[0;32m  OK  [0m] Started udev Kernel Device Manager.
[[0;32m  OK  [0m] Started Create Volatile Files and Directories.
[[0;32m  OK  [0m] Started Tell Plymouth To Write Out Runtime Data.
         Starting Update UTMP about System Boot/Shutdown...
[[0;32m  OK  [0m] Started Dispatch Password Requests to Console Directory Watch.
[[0;32m  OK  [0m] Started Set console font and keymap.
[[0;32m  OK  [0m] Started LSB: AppArmor initialization.
[[0;32m  OK  [0m] Started Update UTMP about System Boot/Shutdown.
[[0;32m  OK  [0m] Found device /dev/ttyS0.
[[0;32m  OK  [0m] Listening on Load/Save RF Kill Switch Status /dev/rfkill Watch.
[[0;32m  OK  [0m] Created slice system-getty.slice.
[   20.037748] [cloud-init[0;32m  OK  [0m[481]: ] Cloud-init v. 19.2-36-g059d049c-0ubuntu1~16.04.1 running 'init-local' at Wed, 09 Oct 2019 11:02:14 +0000. Up 19.46 seconds.Found device 82540EM Gigabit Ethern...r (PRO/1000 MT Desktop Adapter).

[[0;32m  OK  [0m] Started Initial cloud-init job (pre-networking).
[[0;32m  OK  [0m] Reached target Network (Pre).
[[0;32m  OK  [0m] Started ifup for enp0s3.
         Starting Raise network interfaces...
[[0;32m  OK  [0m] Started Raise network interfaces.
         Starting Initial cloud-init job (metadata service crawler)...
[[0;32m  OK  [0m] Reached target Network.
[   22.056174] cloud-init[984]: Cloud-init v. 19.2-36-g059d049c-0ubuntu1~16.04.1 running 'init' at Wed, 09 Oct 2019 11:02:16 +0000. Up 21.43 seconds.
[   22.253185] [cloud-init[0;32m  OK  [0m[984]: ] ci-info: ++++++++++++++++++++++++++++++++++++++Net device info++++++++++++++++++++++++++++++++++++++Started Initial cloud-init job (metadata service crawler).

[   22.254619] cloud-init[984]: ci-info: +--------+-------+---------------------------+---------------+--------+-------------------+
[   22.581561] [cloud-init[0;32m  OK  [0m[984]: ] ci-info: | Device |   Up  |          Address          |      Mask     | Scope  |     Hw-Address    |Reached target System Initialization.

[   22.582988] cloud-init[984]: ci-info: +--------+-------+---------------------------+---------------+--------+-------------------+
[   22.836949] [cloud-init[0;32m  OK  [0m[984]: ] ci-info: | enp0s3 |  True |         10.0.2.15         | 255.255.255.0 | global | 02:0e:9b:2d:5b:92 |Started ACPI Events Check.

[[0;32m  OK  [0m] Reached target Paths.
[[0;32m  OK  [0m] Listening on UUID daemon activation socket.
[   22.839232] cloud-init[984]: ci-info: | enp0s3 |  True | fe80::e:9bff:fe2d:5b92/64 |       .       |  link  | 02:0e:9b:2d:5b:92 |
[   23.305681] [cloud-init[0;32m  OK  [0m[984]: ] ci-info: | enp0s8 | False |             .             |       .       |   .    | 08:00:27:90:2f:e9 |Listening on ACPID Listen Socket.

[   23.307694] cloud-init[984]: ci-info: |   lo   |  True |         127.0.0.1         |   255.0.0.0   |  host  |         .         |
[   23.641145] [cloud-init[0;32m  OK  [0m[984]: ] ci-info: |   lo   |  True |          ::1/128          |       .       |  host  |         .         |Started Daily apt download activities.

[   23.642887] [cloud-init[0;32m  OK  [0m[984]: ] ci-info: +--------+-------+---------------------------+---------------+--------+-------------------+Listening on D-Bus System Message Bus Socket.

[   23.880954] [cloud-init[0;32m  OK  [0m] [984]: Started Daily Cleanup of Temporary Directories.ci-info: +++++++++++++++++++++++++++Route IPv4 info++++++++++++++++++++++++++++

[   24.101059] cloud-init[984]: ci-info: +-------+-------------+----------+---------------+-----------+-------+
[[0;32m  OK  [0m] Started Daily apt upgrade and clean activities.
[   24.102925] [[0;32m  OK  [0m] Reached target Timers.
cloud-init[984]: ci-info: | Route | Destination | Gateway  |    Genmask    | Interface | Flags |
[   24.469297]          cloud-initStarting LXD - unix socket.[984]: 
ci-info: +-------+-------------+----------+---------------+-----------+-------+
[   24.621128]          cloud-initStarting Socket activation for snappy daemon.[984]: 
ci-info: |   0   |   0.0.0.0   | 10.0.2.2 |    0.0.0.0    |   enp0s3  |   UG  |
[[0;32m  OK  [0m] Reached target Cloud-config availability.
[   24.809315] [cloud-init[0;32m  OK  [0m[984]: ] ci-info: |   1   |   10.0.2.0  | 0.0.0.0  | 255.255.255.0 |   enp0s3  |   U   |Reached target Network is Online.

[   24.878922] cloud-init[984]: ci-info: +-------+-------------+----------+---------------+-----------+-------+
[   25.048966]          Starting iSCSI initiator daemon (iscsid)...
cloud-init[984]: ci-info: +++++++++++++++++++Route IPv6 info+++++++++++++++++++
[   25.121141] [cloud-init[0;32m  OK  [0m[984]: ] ci-info: +-------+-------------+---------+-----------+-------+Listening on LXD - unix socket.

[   25.261200] [cloud-init[0;32m  OK  [0m[984]: ] ci-info: | Route | Destination | Gateway | Interface | Flags |Listening on Socket activation for snappy daemon.

[   25.263458] cloud-init[984]: ci-info: +-------+-------------+---------+-----------+-------+
[   25.522348] [cloud-init[0;32m  OK  [0m[984]: ] ci-info: |   0   |  fe80::/64  |    ::   |   enp0s3  |   U   |Started iSCSI initiator daemon (iscsid).

[   25.621835] cloud-init[984]: ci-info: |   4   |   ff00::/8  |    ::   |   enp0s3  |   U   |
[   25.748609] cloud-init[984]: ci-info: +-------+-------------+---------+-----------+-------+
         Starting Login to default iSCSI targets...
[[0;32m  OK  [0m] Reached target Sockets.
[[0;32m  OK  [0m] Reached target Basic System.
         Starting System Logging Service...
[[0;32m  OK  [0m] Started ACPI event daemon.
[[0;32m  OK  [0m] Started Regular background program processing daemon.
[[0;32m  OK  [0m] Started Deferred execution scheduler.
         Starting /etc/rc.local Compatibility...
         Starting LSB: MD monitoring daemon...
[[0;32m  OK  [0m] Started D-Bus System Message Bus.
         Starting Snappy daemon...
         Starting Virtualbox guest utils...
         Starting LXD - container startup/shutdown...
         Starting LSB: Record successful boot for GRUB...
         Starting Accounts Service...
         Starting Login Service...
[[0;32m  OK  [0m] Started FUSE filesystem for LXC.
         Starting OpenBSD Secure Shell server...
[[0;32m  OK  [0m] Started System Logging Service.
[[0;32m  OK  [0m] Started Snappy daemon.
[[0;32m  OK  [0m] Started /etc/rc.local Compatibility.
[[0;32m  OK  [0m] Started LXD - container startup/shutdown.
[[0;32m  OK  [0m] Started OpenBSD Secure Shell server.
[[0;32m  OK  [0m] Started Login to default iSCSI targets.
[[0;32m  OK  [0m] Started LSB: MD monitoring daemon.
[[0;32m  OK  [0m] Started LSB: Record successful boot for GRUB.
[[0;32m  OK  [0m] Started Virtualbox guest utils.
[[0;32m  OK  [0m] Started Login Service.
[[0;32m  OK  [0m] Started Unattended Upgrades Shutdown.
         Starting Authenticate and Authorize Users to Run Privileged Tasks...
[[0;32m  OK  [0m] Reached target Remote File Systems (Pre).
[[0;32m  OK  [0m] Reached target Remote File Systems.
         Starting nginx - high performance web server...
         Starting Permit User Sessions...
         Starting LSB: daemon to balance interrupts for SMP systems...
         Starting LSB: Set the CPU Frequency Scaling governor to "ondemand"...
         Starting LSB: automatic crash report generation...
         Starting Wait until snapd is fully seeded...
[[0;32m  OK  [0m] Started Permit User Sessions.
[[0;32m  OK  [0m] Started nginx - high performance web server.
[[0;32m  OK  [0m] Started Wait until snapd is fully seeded.
[[0;32m  OK  [0m] Started Authenticate and Authorize Users to Run Privileged Tasks.
[[0;32m  OK  [0m] Started Accounts Service.
[[0;32m  OK  [0m] Started LSB: Set the CPU Frequency Scaling governor to "ondemand".
[[0;32m  OK  [0m] Started LSB: daemon to balance interrupts for SMP systems.
         Starting Apply the settings specified in cloud-config...
         Starting Terminate Plymouth Boot Screen...
         Starting Hold until boot process finishes up...
[[0;32m  OK  [0m] Started LSB: automatic crash report generation.
[[0;32m  OK  [0m] Started Terminate Plymouth Boot Screen.
[[0;32m  OK  [0m] Started Hold until boot process finishes up.
[[0;32m  OK  [0m] Started Serial Getty on ttyS0.
         Starting Set console scheme...
[[0;32m  OK  [0m] Started Getty on tty1.
[[0;32m  OK  [0m] Reached target Login Prompts.
[[0;32m  OK  [0m] Reached target Multi-User System.
[[0;32m  OK  [0m] Reached target Graphical Interface.
         Starting Update UTMP about System Runlevel Changes...
[[0;32m  OK  [0m] Started Set console scheme.
[[0;32m  OK  [0m] Started Update UTMP about System Runlevel Changes.
[[0;32m  OK  [0m] Created slice User Slice of vagrant.
[   29.140264] cloud-init[1240]: Cloud-init v. 19.2-36-g059d049c-0ubuntu1~16.04.1 running 'modules:config' at Wed, 09 Oct 2019 11:02:24 +0000. Up 28.89 seconds.
         Starting User Manager for UID 1000...
[[0;32m  OK  [0m] Started User Manager for UID 1000.
[[0;32m  OK  [0m] Started Apply the settings specified in cloud-config.
[[0;32m  OK  [0m] Started Session 1 of user vagrant.
         Starting Execute cloud user/final scripts...
[   30.575480] cloud-init[1278]: Cloud-init v. 19.2-36-g059d049c-0ubuntu1~16.04.1 running 'modules:final' at Wed, 09 Oct 2019 11:02:25 +0000. Up 30.31 seconds.
[[0;32m  OK  [0m] Started Execute cloud user/final scripts.[   30.712469] cloud-init[1278]: Cloud-init v. 19.2-36-g059d049c-0ubuntu1~16.04.1 finished at Wed, 09 Oct 2019 11:02:25 +0000. Datasource DataSourceNoCloud [seed=/dev/sdb][dsmode=net].  Up 30.55 seconds

[[0;32m  OK  [0m] Reached target Cloud-init target.

Ubuntu 16.04.6 LTS ubuntu-xenial ttyS0

ubuntu-xenial login: 